{"uid":"eda9f2d23d08a936","name":"test_register_password_mismatch","fullName":"tests.test_register.TestRegister#test_register_password_mismatch","historyId":"b3c27a9fc46d24a78ec6abe30165fae3","time":{"start":1746362886942,"stop":1746362887828,"duration":886},"description":"测试密码不一致","descriptionHtml":"<p>测试密码不一致</p>\n","status":"failed","statusMessage":"AssertionError: 错误的密码组合却仍然注册成功\nassert not True\n +  where True = <bound method RegisterPage.is_registration_successful of <pages.register_page.RegisterPage object at 0x000001EC778B7810>>()\n +    where <bound method RegisterPage.is_registration_successful of <pages.register_page.RegisterPage object at 0x000001EC778B7810>> = <pages.register_page.RegisterPage object at 0x000001EC778B7810>.is_registration_successful","statusTrace":"self = <tests.test_register.TestRegister object at 0x000001EC77895B10>\ndriver = <utils.webdriver.WebDriver object at 0x000001EC778A0890>\nbase_url = 'http://211.87.232.162:8080'\n\n    def test_register_password_mismatch(self, driver, base_url):\n        \"\"\"测试密码不一致\"\"\"\n        # 创建注册页面对象\n        register_page = RegisterPage(driver)\n    \n        # 导航到注册页面\n        register_page.navigate_to(base_url)\n        register_page.wait_for_page_load()\n    \n        # 生成测试数据\n        username = self.generate_random_username()\n    \n        # 填写表单（密码不匹配）\n        register_page.set_username(username)\n        register_page.set_password(\"Test@123\")\n        register_page.set_confirm_password(\"Test@456\")  # 不匹配的密码\n        register_page.set_invitation_code()\n        register_page.click_register()\n    \n        # 验证错误提示（未跳转到登录页面表示注册失败）\n>       assert not register_page.is_registration_successful(), \"错误的密码组合却仍然注册成功\"\nE       AssertionError: 错误的密码组合却仍然注册成功\nE       assert not True\nE        +  where True = <bound method RegisterPage.is_registration_successful of <pages.register_page.RegisterPage object at 0x000001EC778B7810>>()\nE        +    where <bound method RegisterPage.is_registration_successful of <pages.register_page.RegisterPage object at 0x000001EC778B7810>> = <pages.register_page.RegisterPage object at 0x000001EC778B7810>.is_registration_successful\n\ntests\\test_register.py:72: AssertionError","flaky":false,"newFailed":false,"newBroken":false,"newPassed":false,"retriesCount":0,"retriesStatusChange":false,"beforeStages":[{"name":"web_driver","time":{"start":1746362861594,"stop":1746362885884,"duration":24290},"status":"passed","steps":[],"attachments":[],"parameters":[],"shouldDisplayMessage":false,"attachmentsCount":0,"attachmentStep":false,"stepsCount":0,"hasContent":false},{"name":"driver","time":{"start":1746362886941,"stop":1746362886941,"duration":0},"status":"passed","steps":[],"attachments":[],"parameters":[],"shouldDisplayMessage":false,"attachmentsCount":0,"attachmentStep":false,"stepsCount":0,"hasContent":false},{"name":"base_url","time":{"start":1746362886942,"stop":1746362886942,"duration":0},"status":"passed","steps":[],"attachments":[],"parameters":[],"shouldDisplayMessage":false,"attachmentsCount":0,"attachmentStep":false,"stepsCount":0,"hasContent":false}],"testStage":{"description":"测试密码不一致","status":"failed","statusMessage":"AssertionError: 错误的密码组合却仍然注册成功\nassert not True\n +  where True = <bound method RegisterPage.is_registration_successful of <pages.register_page.RegisterPage object at 0x000001EC778B7810>>()\n +    where <bound method RegisterPage.is_registration_successful of <pages.register_page.RegisterPage object at 0x000001EC778B7810>> = <pages.register_page.RegisterPage object at 0x000001EC778B7810>.is_registration_successful","statusTrace":"self = <tests.test_register.TestRegister object at 0x000001EC77895B10>\ndriver = <utils.webdriver.WebDriver object at 0x000001EC778A0890>\nbase_url = 'http://211.87.232.162:8080'\n\n    def test_register_password_mismatch(self, driver, base_url):\n        \"\"\"测试密码不一致\"\"\"\n        # 创建注册页面对象\n        register_page = RegisterPage(driver)\n    \n        # 导航到注册页面\n        register_page.navigate_to(base_url)\n        register_page.wait_for_page_load()\n    \n        # 生成测试数据\n        username = self.generate_random_username()\n    \n        # 填写表单（密码不匹配）\n        register_page.set_username(username)\n        register_page.set_password(\"Test@123\")\n        register_page.set_confirm_password(\"Test@456\")  # 不匹配的密码\n        register_page.set_invitation_code()\n        register_page.click_register()\n    \n        # 验证错误提示（未跳转到登录页面表示注册失败）\n>       assert not register_page.is_registration_successful(), \"错误的密码组合却仍然注册成功\"\nE       AssertionError: 错误的密码组合却仍然注册成功\nE       assert not True\nE        +  where True = <bound method RegisterPage.is_registration_successful of <pages.register_page.RegisterPage object at 0x000001EC778B7810>>()\nE        +    where <bound method RegisterPage.is_registration_successful of <pages.register_page.RegisterPage object at 0x000001EC778B7810>> = <pages.register_page.RegisterPage object at 0x000001EC778B7810>.is_registration_successful\n\ntests\\test_register.py:72: AssertionError","steps":[],"attachments":[{"uid":"52073010ce0f5ecd","name":"stdout","source":"52073010ce0f5ecd.txt","type":"text/plain","size":398}],"parameters":[],"shouldDisplayMessage":true,"attachmentsCount":1,"attachmentStep":false,"stepsCount":0,"hasContent":true},"afterStages":[{"name":"web_driver::0","time":{"start":1746362895623,"stop":1746362901911,"duration":6288},"status":"passed","steps":[],"attachments":[],"parameters":[],"shouldDisplayMessage":false,"attachmentsCount":0,"attachmentStep":false,"stepsCount":0,"hasContent":false}],"labels":[{"name":"parentSuite","value":"tests"},{"name":"suite","value":"test_register"},{"name":"subSuite","value":"TestRegister"},{"name":"host","value":"djc"},{"name":"thread","value":"7836-MainThread"},{"name":"framework","value":"pytest"},{"name":"language","value":"cpython3"},{"name":"package","value":"tests.test_register"},{"name":"resultFormat","value":"allure2"}],"parameters":[],"links":[],"hidden":false,"retry":false,"extra":{"severity":"normal","retries":[],"categories":[{"name":"Product defects","matchedStatuses":[]}],"tags":[]},"source":"eda9f2d23d08a936.json","parameterValues":[]}